{"/home/boot/Public/www/moment-dayjs-codemod/transforms/default/index.js": {"path":"/home/boot/Public/www/moment-dayjs-codemod/transforms/default/index.js","statementMap":{"0":{"start":{"line":8,"column":22},"end":{"line":8,"column":56}},"1":{"start":{"line":11,"column":17},"end":{"line":14,"column":1}},"2":{"start":{"line":18,"column":2},"end":{"line":23,"column":5}},"3":{"start":{"line":19,"column":21},"end":{"line":19,"column":41}},"4":{"start":{"line":20,"column":4},"end":{"line":22,"column":5}},"5":{"start":{"line":21,"column":6},"end":{"line":21,"column":75}},"6":{"start":{"line":26,"column":0},"end":{"line":150,"column":2}},"7":{"start":{"line":27,"column":12},"end":{"line":27,"column":26}},"8":{"start":{"line":31,"column":15},"end":{"line":31,"column":29}},"9":{"start":{"line":33,"column":2},"end":{"line":35,"column":5}},"10":{"start":{"line":34,"column":4},"end":{"line":34,"column":37}},"11":{"start":{"line":37,"column":2},"end":{"line":37,"column":35}},"12":{"start":{"line":38,"column":2},"end":{"line":38,"column":34}},"13":{"start":{"line":39,"column":2},"end":{"line":39,"column":39}},"14":{"start":{"line":42,"column":2},"end":{"line":61,"column":5}},"15":{"start":{"line":43,"column":4},"end":{"line":60,"column":5}},"16":{"start":{"line":44,"column":24},"end":{"line":44,"column":44}},"17":{"start":{"line":46,"column":27},"end":{"line":55,"column":7}},"18":{"start":{"line":57,"column":6},"end":{"line":57,"column":40}},"19":{"start":{"line":59,"column":6},"end":{"line":59,"column":49}},"20":{"start":{"line":64,"column":2},"end":{"line":83,"column":5}},"21":{"start":{"line":65,"column":4},"end":{"line":82,"column":5}},"22":{"start":{"line":66,"column":22},"end":{"line":66,"column":42}},"23":{"start":{"line":68,"column":27},"end":{"line":77,"column":7}},"24":{"start":{"line":79,"column":6},"end":{"line":79,"column":40}},"25":{"start":{"line":81,"column":6},"end":{"line":81,"column":47}},"26":{"start":{"line":86,"column":2},"end":{"line":103,"column":5}},"27":{"start":{"line":87,"column":4},"end":{"line":102,"column":5}},"28":{"start":{"line":88,"column":21},"end":{"line":88,"column":41}},"29":{"start":{"line":90,"column":27},"end":{"line":99,"column":7}},"30":{"start":{"line":101,"column":6},"end":{"line":101,"column":40}},"31":{"start":{"line":106,"column":2},"end":{"line":123,"column":5}},"32":{"start":{"line":107,"column":4},"end":{"line":122,"column":5}},"33":{"start":{"line":108,"column":20},"end":{"line":108,"column":40}},"34":{"start":{"line":110,"column":27},"end":{"line":119,"column":7}},"35":{"start":{"line":121,"column":6},"end":{"line":121,"column":40}},"36":{"start":{"line":126,"column":2},"end":{"line":147,"column":7}},"37":{"start":{"line":139,"column":6},"end":{"line":146,"column":8}},"38":{"start":{"line":149,"column":2},"end":{"line":149,"column":44}},"39":{"start":{"line":152,"column":0},"end":{"line":152,"column":27}}},"fnMap":{"0":{"name":"toSingularUnits","decl":{"start":{"line":17,"column":9},"end":{"line":17,"column":24}},"loc":{"start":{"line":17,"column":46},"end":{"line":24,"column":1}},"line":17},"1":{"name":"(anonymous_1)","decl":{"start":{"line":18,"column":86},"end":{"line":18,"column":87}},"loc":{"start":{"line":18,"column":96},"end":{"line":23,"column":3}},"line":18},"2":{"name":"transformer","decl":{"start":{"line":26,"column":26},"end":{"line":26,"column":37}},"loc":{"start":{"line":26,"column":49},"end":{"line":150,"column":1}},"line":26},"3":{"name":"(anonymous_3)","decl":{"start":{"line":33,"column":70},"end":{"line":33,"column":71}},"loc":{"start":{"line":33,"column":80},"end":{"line":35,"column":3}},"line":33},"4":{"name":"(anonymous_4)","decl":{"start":{"line":42,"column":85},"end":{"line":42,"column":86}},"loc":{"start":{"line":42,"column":95},"end":{"line":61,"column":3}},"line":42},"5":{"name":"(anonymous_5)","decl":{"start":{"line":64,"column":83},"end":{"line":64,"column":84}},"loc":{"start":{"line":64,"column":93},"end":{"line":83,"column":3}},"line":64},"6":{"name":"(anonymous_6)","decl":{"start":{"line":86,"column":82},"end":{"line":86,"column":83}},"loc":{"start":{"line":86,"column":92},"end":{"line":103,"column":3}},"line":86},"7":{"name":"(anonymous_7)","decl":{"start":{"line":106,"column":81},"end":{"line":106,"column":82}},"loc":{"start":{"line":106,"column":91},"end":{"line":123,"column":3}},"line":106},"8":{"name":"(anonymous_8)","decl":{"start":{"line":138,"column":17},"end":{"line":138,"column":18}},"loc":{"start":{"line":138,"column":27},"end":{"line":147,"column":5}},"line":138}},"branchMap":{"0":{"loc":{"start":{"line":20,"column":4},"end":{"line":22,"column":5}},"type":"if","locations":[{"start":{"line":20,"column":4},"end":{"line":22,"column":5}},{"start":{"line":20,"column":4},"end":{"line":22,"column":5}}],"line":20},"1":{"loc":{"start":{"line":21,"column":26},"end":{"line":21,"column":74}},"type":"binary-expr","locations":[{"start":{"line":21,"column":26},"end":{"line":21,"column":53}},{"start":{"line":21,"column":57},"end":{"line":21,"column":74}}],"line":21},"2":{"loc":{"start":{"line":43,"column":4},"end":{"line":60,"column":5}},"type":"if","locations":[{"start":{"line":43,"column":4},"end":{"line":60,"column":5}},{"start":{"line":43,"column":4},"end":{"line":60,"column":5}}],"line":43},"3":{"loc":{"start":{"line":65,"column":4},"end":{"line":82,"column":5}},"type":"if","locations":[{"start":{"line":65,"column":4},"end":{"line":82,"column":5}},{"start":{"line":65,"column":4},"end":{"line":82,"column":5}}],"line":65},"4":{"loc":{"start":{"line":87,"column":4},"end":{"line":102,"column":5}},"type":"if","locations":[{"start":{"line":87,"column":4},"end":{"line":102,"column":5}},{"start":{"line":87,"column":4},"end":{"line":102,"column":5}}],"line":87},"5":{"loc":{"start":{"line":107,"column":4},"end":{"line":122,"column":5}},"type":"if","locations":[{"start":{"line":107,"column":4},"end":{"line":122,"column":5}},{"start":{"line":107,"column":4},"end":{"line":122,"column":5}}],"line":107}},"s":{"0":1,"1":1,"2":6,"3":8,"4":8,"5":8,"6":1,"7":2,"8":2,"9":2,"10":14,"11":2,"12":2,"13":2,"14":2,"15":2,"16":1,"17":1,"18":1,"19":1,"20":2,"21":2,"22":1,"23":1,"24":1,"25":1,"26":2,"27":3,"28":1,"29":1,"30":1,"31":2,"32":3,"33":1,"34":1,"35":1,"36":2,"37":1,"38":2,"39":1},"f":{"0":6,"1":8,"2":2,"3":14,"4":2,"5":2,"6":3,"7":3,"8":1},"b":{"0":[8,0],"1":[8,4],"2":[1,1],"3":[1,1],"4":[1,2],"5":[1,2]},"_coverageSchema":"1a1c01bbd47fc00a2c39e90264f33305004495a9","hash":"24ca0a34990cc6197a52fd34e422331a049bcbbf"}
,"/home/boot/Public/www/moment-dayjs-codemod/transforms/utc/index.js": {"path":"/home/boot/Public/www/moment-dayjs-codemod/transforms/utc/index.js","statementMap":{"0":{"start":{"line":1,"column":22},"end":{"line":1,"column":56}},"1":{"start":{"line":4,"column":0},"end":{"line":69,"column":2}},"2":{"start":{"line":5,"column":12},"end":{"line":5,"column":26}},"3":{"start":{"line":8,"column":15},"end":{"line":8,"column":29}},"4":{"start":{"line":10,"column":2},"end":{"line":12,"column":5}},"5":{"start":{"line":11,"column":4},"end":{"line":11,"column":37}},"6":{"start":{"line":15,"column":21},"end":{"line":35,"column":4}},"7":{"start":{"line":39,"column":13},"end":{"line":39,"column":42}},"8":{"start":{"line":41,"column":2},"end":{"line":66,"column":3}},"9":{"start":{"line":42,"column":23},"end":{"line":45,"column":5}},"10":{"start":{"line":46,"column":28},"end":{"line":50,"column":5}},"11":{"start":{"line":52,"column":21},"end":{"line":52,"column":51}},"12":{"start":{"line":53,"column":20},"end":{"line":55,"column":6}},"13":{"start":{"line":56,"column":4},"end":{"line":65,"column":5}},"14":{"start":{"line":57,"column":23},"end":{"line":57,"column":59}},"15":{"start":{"line":58,"column":6},"end":{"line":64,"column":7}},"16":{"start":{"line":59,"column":8},"end":{"line":59,"column":48}},"17":{"start":{"line":60,"column":8},"end":{"line":60,"column":43}},"18":{"start":{"line":62,"column":8},"end":{"line":62,"column":38}},"19":{"start":{"line":63,"column":8},"end":{"line":63,"column":33}},"20":{"start":{"line":68,"column":2},"end":{"line":68,"column":44}},"21":{"start":{"line":71,"column":0},"end":{"line":71,"column":27}}},"fnMap":{"0":{"name":"transformer","decl":{"start":{"line":4,"column":26},"end":{"line":4,"column":37}},"loc":{"start":{"line":4,"column":49},"end":{"line":69,"column":1}},"line":4},"1":{"name":"(anonymous_1)","decl":{"start":{"line":10,"column":70},"end":{"line":10,"column":71}},"loc":{"start":{"line":10,"column":80},"end":{"line":12,"column":3}},"line":10}},"branchMap":{"0":{"loc":{"start":{"line":41,"column":2},"end":{"line":66,"column":3}},"type":"if","locations":[{"start":{"line":41,"column":2},"end":{"line":66,"column":3}},{"start":{"line":41,"column":2},"end":{"line":66,"column":3}}],"line":41},"1":{"loc":{"start":{"line":56,"column":4},"end":{"line":65,"column":5}},"type":"if","locations":[{"start":{"line":56,"column":4},"end":{"line":65,"column":5}},{"start":{"line":56,"column":4},"end":{"line":65,"column":5}}],"line":56},"2":{"loc":{"start":{"line":58,"column":6},"end":{"line":64,"column":7}},"type":"if","locations":[{"start":{"line":58,"column":6},"end":{"line":64,"column":7}},{"start":{"line":58,"column":6},"end":{"line":64,"column":7}}],"line":58}},"s":{"0":1,"1":1,"2":4,"3":4,"4":4,"5":2,"6":4,"7":4,"8":4,"9":4,"10":4,"11":4,"12":4,"13":4,"14":2,"15":2,"16":1,"17":1,"18":1,"19":1,"20":4,"21":1},"f":{"0":4,"1":2},"b":{"0":[4,0],"1":[2,2],"2":[1,1]},"_coverageSchema":"1a1c01bbd47fc00a2c39e90264f33305004495a9","hash":"81e41ccc4214c12c03c14ed42f959e4825cab8e6"}
}
