TN:
SF:transforms/default/index.js
FN:16,toSingularUnits
FN:17,(anonymous_1)
FN:24,transformer
FN:31,(anonymous_3)
FN:50,(anonymous_4)
FN:72,(anonymous_5)
FN:94,(anonymous_6)
FN:114,(anonymous_7)
FNF:8
FNH:8
FNDA:6,toSingularUnits
FNDA:8,(anonymous_1)
FNDA:2,transformer
FNDA:14,(anonymous_3)
FNDA:2,(anonymous_4)
FNDA:2,(anonymous_5)
FNDA:3,(anonymous_6)
FNDA:3,(anonymous_7)
DA:8,1
DA:11,1
DA:17,6
DA:18,8
DA:19,8
DA:20,8
DA:24,1
DA:25,2
DA:29,2
DA:31,2
DA:32,14
DA:45,2
DA:46,2
DA:47,2
DA:50,2
DA:51,2
DA:52,1
DA:54,1
DA:65,1
DA:67,1
DA:72,2
DA:73,2
DA:74,1
DA:76,1
DA:87,1
DA:89,1
DA:94,2
DA:95,3
DA:96,1
DA:98,1
DA:109,1
DA:114,2
DA:115,3
DA:116,1
DA:118,1
DA:129,1
DA:133,2
DA:136,1
LF:38
LH:38
BRDA:19,0,0,8
BRDA:19,0,1,0
BRDA:20,1,0,8
BRDA:20,1,1,4
BRDA:51,2,0,1
BRDA:51,2,1,1
BRDA:73,3,0,1
BRDA:73,3,1,1
BRDA:95,4,0,1
BRDA:95,4,1,2
BRDA:115,5,0,1
BRDA:115,5,1,2
BRF:12
BRH:11
end_of_record
TN:
SF:transforms/utc/index.js
FN:4,transformer
FN:10,(anonymous_1)
FNF:2
FNH:2
FNDA:4,transformer
FNDA:2,(anonymous_1)
DA:1,1
DA:4,1
DA:5,4
DA:8,4
DA:10,4
DA:11,2
DA:15,4
DA:39,4
DA:41,4
DA:42,4
DA:46,4
DA:52,4
DA:53,4
DA:56,4
DA:57,2
DA:58,2
DA:59,1
DA:60,1
DA:62,1
DA:63,1
DA:68,4
DA:71,1
LF:22
LH:22
BRDA:41,0,0,4
BRDA:41,0,1,0
BRDA:56,1,0,2
BRDA:56,1,1,2
BRDA:58,2,0,1
BRDA:58,2,1,1
BRF:6
BRH:5
end_of_record
