TN:
SF:transforms/default/index.js
FN:17,toSingularUnits
FN:18,(anonymous_1)
FN:26,transformer
FN:33,(anonymous_3)
FN:42,(anonymous_4)
FN:64,(anonymous_5)
FN:86,(anonymous_6)
FN:106,(anonymous_7)
FN:138,(anonymous_8)
FNF:9
FNH:9
FNDA:6,toSingularUnits
FNDA:8,(anonymous_1)
FNDA:2,transformer
FNDA:14,(anonymous_3)
FNDA:2,(anonymous_4)
FNDA:2,(anonymous_5)
FNDA:3,(anonymous_6)
FNDA:3,(anonymous_7)
FNDA:1,(anonymous_8)
DA:8,1
DA:11,1
DA:18,6
DA:19,8
DA:20,8
DA:21,8
DA:26,1
DA:27,2
DA:31,2
DA:33,2
DA:34,14
DA:37,2
DA:38,2
DA:39,2
DA:42,2
DA:43,2
DA:44,1
DA:46,1
DA:57,1
DA:59,1
DA:64,2
DA:65,2
DA:66,1
DA:68,1
DA:79,1
DA:81,1
DA:86,2
DA:87,3
DA:88,1
DA:90,1
DA:101,1
DA:106,2
DA:107,3
DA:108,1
DA:110,1
DA:121,1
DA:126,2
DA:139,1
DA:149,2
DA:152,1
LF:40
LH:40
BRDA:20,0,0,8
BRDA:20,0,1,0
BRDA:21,1,0,8
BRDA:21,1,1,4
BRDA:43,2,0,1
BRDA:43,2,1,1
BRDA:65,3,0,1
BRDA:65,3,1,1
BRDA:87,4,0,1
BRDA:87,4,1,2
BRDA:107,5,0,1
BRDA:107,5,1,2
BRF:12
BRH:11
end_of_record
TN:
SF:transforms/utc/index.js
FN:4,transformer
FN:10,(anonymous_1)
FNF:2
FNH:2
FNDA:4,transformer
FNDA:2,(anonymous_1)
DA:1,1
DA:4,1
DA:5,4
DA:8,4
DA:10,4
DA:11,2
DA:15,4
DA:39,4
DA:41,4
DA:42,4
DA:46,4
DA:52,4
DA:53,4
DA:56,4
DA:57,2
DA:58,2
DA:59,1
DA:60,1
DA:62,1
DA:63,1
DA:68,4
DA:71,1
LF:22
LH:22
BRDA:41,0,0,4
BRDA:41,0,1,0
BRDA:56,1,0,2
BRDA:56,1,1,2
BRDA:58,2,0,1
BRDA:58,2,1,1
BRF:6
BRH:5
end_of_record
